<?xml version="1.0" encoding="UTF-8"?>
<!-- Generated by org.testng.reporters.JUnitReportReporter -->
<testsuite hostname="Evgenys-MBP.hsd1.ca.comcast.net" name="Tests" tests="1" failures="0" timestamp="27 Jun 2016 23:22:59 GMT" time="34.873" errors="0">
  <testcase name="test001" time="34.873" classname="Tests"/>
</testsuite> <!-- Tests -->
